<?xml version="1.0" encoding="UTF-8"?>
<!-- Generated by org.testng.reporters.JUnitReportReporter -->
<testsuite hostname="L_RA_410" failures="0" tests="9" name="Testngg.firsttest" time="0.024" errors="0" timestamp="2023-01-31T19:16:25 IST" skipped="0">
  <testcase classname="Testngg.firsttest" name="ac" time="0.001"/>
  <system-out/>
  <testcase classname="Testngg.firsttest" name="ac" time="0.002"/>
  <system-out/>
  <testcase classname="Testngg.firsttest" name="ac" time="0.002"/>
  <system-out/>
  <testcase classname="Testngg.firsttest" name="ac" time="0.002"/>
  <system-out/>
  <testcase classname="Testngg.firsttest" name="ba" time="0.003"/>
  <system-out/>
  <testcase classname="Testngg.firsttest" name="ba" time="0.002"/>
  <system-out/>
  <testcase classname="Testngg.firsttest" name="ba" time="0.007"/>
  <system-out/>
  <testcase classname="Testngg.firsttest" name="ba" time="0.002"/>
  <system-out/>
  <testcase classname="Testngg.firsttest" name="ba" time="0.003"/>
  <system-out/>
</testsuite> <!-- Testngg.firsttest -->
