<?xml version="1.0" encoding="UTF-8"?>
<!-- Generated by org.testng.reporters.JUnitReportReporter -->
<testsuite hostname="L_RA_410" failures="0" tests="4" name="Testngg.login" time="1.219" errors="0" timestamp="2023-02-04T08:27:15 IST" skipped="0">
  <testcase classname="Testngg.login" name="verifyurl" time="0.073"/>
  <system-out/>
  <testcase classname="Testngg.login" name="verifytitle" time="0.024"/>
  <system-out/>
  <testcase classname="Testngg.login" name="verifyDashboardAfterLoginn" time="0.690"/>
  <system-out/>
  <testcase classname="Testngg.login" name="verifyDashboardPageitemss" time="0.432"/>
  <system-out/>
</testsuite> <!-- Testngg.login -->
