<?xml version="1.0" encoding="UTF-8"?>
<!-- Generated by org.testng.reporters.JUnitReportReporter -->
<testsuite hostname="L_RA_410" failures="0" tests="2" name="Testngg.hardassert" time="0.045" errors="0" timestamp="2023-02-03T21:40:18 IST" skipped="0">
  <testcase classname="Testngg.hardassert" name="verifyUrl" time="0.013"/>
  <system-out/>
  <testcase classname="Testngg.hardassert" name="verifyTitle" time="0.032"/>
  <system-out/>
</testsuite> <!-- Testngg.hardassert -->
