<?xml version="1.0" encoding="UTF-8"?>
<!-- Generated by org.testng.reporters.JUnitReportReporter -->
<testsuite hostname="L_RA_410" failures="0" tests="4" name="TEST.LoginTest" time="2.631" errors="0" timestamp="2023-02-10T12:39:54 IST" skipped="0">
  <testcase classname="TEST.LoginTest" name="verifyTitleOfBuild" time="0.035"/>
  <system-out/>
  <testcase classname="TEST.LoginTest" name="verifyUrlOfPage" time="0.019"/>
  <system-out/>
  <testcase classname="TEST.LoginTest" name="verifyTitleOfPage" time="0.384"/>
  <system-out/>
  <testcase classname="TEST.LoginTest" name="verifyLoginpageWithCredentials" time="2.193"/>
  <system-out/>
</testsuite> <!-- TEST.LoginTest -->
